<?xml version="1.0" encoding="UTF-8"?>
<!-- Generated by org.testng.reporters.JUnitReportReporter -->
<testsuite skipped="0" hostname="AnchalT" name="com.bank.AppTest" tests="1" failures="0" timestamp="12 Dec 2021 13:27:12 GMT" time="0.007" errors="0">
  <testcase name="shouldAnswerWithTrue" time="0.007" classname="com.bank.AppTest"/>
</testsuite> <!-- com.bank.AppTest -->
